<?xml version="1.0" encoding="UTF-8"?>
<testng-results ignored="0" total="4" passed="4" failed="0" skipped="0">
  <reporter-output>
  </reporter-output>
  <suite started-at="2022-07-10T13:06:11 EEST" name="mavenTestNGHomework.CalculatorForHomeTest" finished-at="2022-07-10T13:06:11 EEST" duration-ms="83">
    <groups>
    </groups>
    <test started-at="2022-07-10T13:06:11 EEST" name="Command line test" finished-at="2022-07-10T13:06:11 EEST" duration-ms="83">
      <class name="mavenTestNGHomework.CalculatorForHomeTest">
        <test-method is-config="true" signature="initCalculatorObject()[pri:0, instance:mavenTestNGHomework.CalculatorForHomeTest@64485a47]" started-at="2022-07-10T13:06:11 EEST" name="initCalculatorObject" finished-at="2022-07-10T13:06:11 EEST" duration-ms="18" status="PASS">
          <reporter-output>
          </reporter-output>
        </test-method> <!-- initCalculatorObject -->
        <test-method is-config="true" signature="beforeCalculatorTest()[pri:0, instance:mavenTestNGHomework.CalculatorForHomeTest@64485a47]" started-at="2022-07-10T13:06:11 EEST" name="beforeCalculatorTest" finished-at="2022-07-10T13:06:11 EEST" duration-ms="1" status="PASS">
          <reporter-output>
          </reporter-output>
        </test-method> <!-- beforeCalculatorTest -->
        <test-method is-config="true" signature="beforeMethod()[pri:0, instance:mavenTestNGHomework.CalculatorForHomeTest@64485a47]" started-at="2022-07-10T13:06:11 EEST" name="beforeMethod" finished-at="2022-07-10T13:06:11 EEST" duration-ms="1" status="PASS">
          <reporter-output>
          </reporter-output>
        </test-method> <!-- beforeMethod -->
        <test-method signature="testAddMethod()[pri:0, instance:mavenTestNGHomework.CalculatorForHomeTest@64485a47]" started-at="2022-07-10T13:06:11 EEST" name="testAddMethod" finished-at="2022-07-10T13:06:11 EEST" duration-ms="5" status="PASS">
          <reporter-output>
          </reporter-output>
        </test-method> <!-- testAddMethod -->
        <test-method is-config="true" signature="afterAddMethod()[pri:0, instance:mavenTestNGHomework.CalculatorForHomeTest@64485a47]" started-at="2022-07-10T13:06:11 EEST" name="afterAddMethod" finished-at="2022-07-10T13:06:11 EEST" duration-ms="0" status="PASS">
          <reporter-output>
          </reporter-output>
        </test-method> <!-- afterAddMethod -->
        <test-method is-config="true" signature="beforeMethod()[pri:0, instance:mavenTestNGHomework.CalculatorForHomeTest@64485a47]" started-at="2022-07-10T13:06:11 EEST" name="beforeMethod" finished-at="2022-07-10T13:06:11 EEST" duration-ms="1" status="PASS">
          <reporter-output>
          </reporter-output>
        </test-method> <!-- beforeMethod -->
        <test-method signature="testDivideMethod()[pri:0, instance:mavenTestNGHomework.CalculatorForHomeTest@64485a47]" started-at="2022-07-10T13:06:11 EEST" name="testDivideMethod" finished-at="2022-07-10T13:06:11 EEST" duration-ms="1" status="PASS">
          <reporter-output>
          </reporter-output>
        </test-method> <!-- testDivideMethod -->
        <test-method is-config="true" signature="afterAddMethod()[pri:0, instance:mavenTestNGHomework.CalculatorForHomeTest@64485a47]" started-at="2022-07-10T13:06:11 EEST" name="afterAddMethod" finished-at="2022-07-10T13:06:11 EEST" duration-ms="0" status="PASS">
          <reporter-output>
          </reporter-output>
        </test-method> <!-- afterAddMethod -->
        <test-method signature="testMultiplyMethod()[pri:0, instance:mavenTestNGHomework.CalculatorForHomeTest@64485a47]" started-at="2022-07-10T13:06:11 EEST" name="testMultiplyMethod" finished-at="2022-07-10T13:06:11 EEST" duration-ms="1" status="PASS">
          <reporter-output>
          </reporter-output>
        </test-method> <!-- testMultiplyMethod -->
        <test-method is-config="true" signature="beforeMethod()[pri:0, instance:mavenTestNGHomework.CalculatorForHomeTest@64485a47]" started-at="2022-07-10T13:06:11 EEST" name="beforeMethod" finished-at="2022-07-10T13:06:11 EEST" duration-ms="0" status="PASS">
          <reporter-output>
          </reporter-output>
        </test-method> <!-- beforeMethod -->
        <test-method is-config="true" signature="afterAddMethod()[pri:0, instance:mavenTestNGHomework.CalculatorForHomeTest@64485a47]" started-at="2022-07-10T13:06:11 EEST" name="afterAddMethod" finished-at="2022-07-10T13:06:11 EEST" duration-ms="1" status="PASS">
          <reporter-output>
          </reporter-output>
        </test-method> <!-- afterAddMethod -->
        <test-method is-config="true" signature="beforeMethod()[pri:0, instance:mavenTestNGHomework.CalculatorForHomeTest@64485a47]" started-at="2022-07-10T13:06:11 EEST" name="beforeMethod" finished-at="2022-07-10T13:06:11 EEST" duration-ms="3" status="PASS">
          <reporter-output>
          </reporter-output>
        </test-method> <!-- beforeMethod -->
        <test-method signature="testSubtractMethod()[pri:0, instance:mavenTestNGHomework.CalculatorForHomeTest@64485a47]" started-at="2022-07-10T13:06:11 EEST" name="testSubtractMethod" finished-at="2022-07-10T13:06:11 EEST" duration-ms="1" status="PASS">
          <reporter-output>
          </reporter-output>
        </test-method> <!-- testSubtractMethod -->
        <test-method is-config="true" signature="afterAddMethod()[pri:0, instance:mavenTestNGHomework.CalculatorForHomeTest@64485a47]" started-at="2022-07-10T13:06:11 EEST" name="afterAddMethod" finished-at="2022-07-10T13:06:11 EEST" duration-ms="1" status="PASS">
          <reporter-output>
          </reporter-output>
        </test-method> <!-- afterAddMethod -->
      </class> <!-- mavenTestNGHomework.CalculatorForHomeTest -->
    </test> <!-- Command line test -->
  </suite> <!-- mavenTestNGHomework.CalculatorForHomeTest -->
</testng-results>
