<?xml version="1.0" encoding="UTF-8"?>
<!-- Generated by org.testng.reporters.JUnitXMLReporter -->
<testsuite ignored="0" hostname="Agneses-MacBook-Air.local" failures="0" tests="4" name="Command line test" time="0.083" errors="0" timestamp="2022-07-10T13:06:12 EEST">
  <testcase classname="mavenTestNGHomework.CalculatorForHomeTest" name="testAddMethod" time="0.005"/>
  <testcase classname="mavenTestNGHomework.CalculatorForHomeTest" name="testDivideMethod" time="0.001"/>
  <testcase classname="mavenTestNGHomework.CalculatorForHomeTest" name="testMultiplyMethod" time="0.001"/>
  <testcase classname="mavenTestNGHomework.CalculatorForHomeTest" name="testSubtractMethod" time="0.001"/>
</testsuite> <!-- Command line test -->
